======================================================================
GAT-MARL v3 — Robust Ablation Study (E3-v2)
======================================================================
  Instances  : ['C101', 'C201', 'R101', 'RC101']
  Variants   : ['FULL-v3', 'A1-NoGAT', 'A2-FixedEnt', 'A3-NoCritic', 'A4-NoMasks']
  Episodes   : 200 per seed
  Seeds      : 3 (all reported individually)
  Eval freq  : every 5 episodes (training curves)
  Note       : FULL-v3 re-trained from scratch (fair comparison)
======================================================================
  Total seed runs : 60
  Estimated time  : ~6.0 h

  Already done : 21/60 seed runs

  Loaded C101: 100 customers, 25 vehicles
  Loaded C201: 100 customers, 25 vehicles
  Loaded R101: 100 customers, 25 vehicles
  Loaded RC101: 100 customers, 25 vehicles

  SKIP  [C101] FULL-v3 seed=0
  SKIP  [C101] FULL-v3 seed=200
  SKIP  [C101] FULL-v3 seed=400
  SKIP  [C201] FULL-v3 seed=3
  SKIP  [C201] FULL-v3 seed=203
  SKIP  [C201] FULL-v3 seed=403
  SKIP  [R101] FULL-v3 seed=1
  SKIP  [R101] FULL-v3 seed=201
  SKIP  [R101] FULL-v3 seed=401
  SKIP  [RC101] FULL-v3 seed=2
  SKIP  [RC101] FULL-v3 seed=202
  SKIP  [RC101] FULL-v3 seed=402
  SKIP  [C101] A1-NoGAT seed=0
  SKIP  [C101] A1-NoGAT seed=200
  SKIP  [C101] A1-NoGAT seed=400
  SKIP  [C201] A1-NoGAT seed=3
  SKIP  [C201] A1-NoGAT seed=203
  SKIP  [C201] A1-NoGAT seed=403
  SKIP  [R101] A1-NoGAT seed=1
  SKIP  [R101] A1-NoGAT seed=201
  SKIP  [R101] A1-NoGAT seed=401
  SKIP-COMBO [RC101] A1-NoGAT (user decision — sufficient data)

  [C101] A2-FixedEnt seed=0 (1/3)
    A2-FixedEnt | seed=0 (1/3) served=11/100 co2=32.8 t=39s
    -> Saved partial (22 seed-rows, 880 curve-points)

  [C101] A2-FixedEnt seed=200 (2/3)
    A2-FixedEnt | seed=200 (2/3) served=100/100 co2=188.5 t=246s
    -> Saved partial (23 seed-rows, 920 curve-points)

  [C101] A2-FixedEnt seed=400 (3/3)
    A2-FixedEnt | seed=400 (3/3) served=100/100 co2=192.1 t=323s
    -> Saved partial (24 seed-rows, 960 curve-points)

  [C201] A2-FixedEnt seed=3 (1/3)
    A2-FixedEnt | seed=3 (1/3) served=100/100 co2=220.3 t=293s
    -> Saved partial (25 seed-rows, 1000 curve-points)

  [C201] A2-FixedEnt seed=203 (2/3)
    A2-FixedEnt | seed=203 (2/3) served=100/100 co2=237.5 t=163s
    -> Saved partial (26 seed-rows, 1040 curve-points)

  [C201] A2-FixedEnt seed=403 (3/3)
    A2-FixedEnt | seed=403 (3/3) served=100/100 co2=190.1 t=323s
    -> Saved partial (27 seed-rows, 1080 curve-points)

  [R101] A2-FixedEnt seed=1 (1/3)
    A2-FixedEnt | seed=1 (1/3) served=100/100 co2=140.8 t=137s
    -> Saved partial (28 seed-rows, 1120 curve-points)

  [R101] A2-FixedEnt seed=201 (2/3)
    A2-FixedEnt | seed=201 (2/3) served=100/100 co2=182.4 t=196s
    -> Saved partial (29 seed-rows, 1160 curve-points)

  [R101] A2-FixedEnt seed=401 (3/3)
    A2-FixedEnt | seed=401 (3/3) served=100/100 co2=135.4 t=197s
    -> Saved partial (30 seed-rows, 1200 curve-points)

  [RC101] A2-FixedEnt seed=2 (1/3)
    A2-FixedEnt | seed=2 (1/3) served=100/100 co2=294.6 t=244s
    -> Saved partial (31 seed-rows, 1240 curve-points)

  [RC101] A2-FixedEnt seed=202 (2/3)
    A2-FixedEnt | seed=202 (2/3) served=100/100 co2=270.6 t=207s
    -> Saved partial (32 seed-rows, 1280 curve-points)

  [RC101] A2-FixedEnt seed=402 (3/3)
    A2-FixedEnt | seed=402 (3/3) served=100/100 co2=245.0 t=244s
    -> Saved partial (33 seed-rows, 1320 curve-points)

  [C101] A3-NoCritic seed=0 (1/3)
    A3-NoCritic | seed=0 (1/3) served=100/100 co2=194.0 t=429s
    -> Saved partial (34 seed-rows, 1360 curve-points)

  [C101] A3-NoCritic seed=200 (2/3)
    A3-NoCritic | seed=200 (2/3) served=100/100 co2=179.0 t=423s
    -> Saved partial (35 seed-rows, 1400 curve-points)

  [C101] A3-NoCritic seed=400 (3/3)
    A3-NoCritic | seed=400 (3/3) served=100/100 co2=223.4 t=410s
    -> Saved partial (36 seed-rows, 1440 curve-points)

  [C201] A3-NoCritic seed=3 (1/3)
    A3-NoCritic | seed=3 (1/3) served=100/100 co2=215.1 t=422s
    -> Saved partial (37 seed-rows, 1480 curve-points)

  [C201] A3-NoCritic seed=203 (2/3)
    A3-NoCritic | seed=203 (2/3) served=98/100 co2=150.4 t=351s
    -> Saved partial (38 seed-rows, 1520 curve-points)

  [C201] A3-NoCritic seed=403 (3/3)
    A3-NoCritic | seed=403 (3/3) served=100/100 co2=184.9 t=270s
    -> Saved partial (39 seed-rows, 1560 curve-points)

  [R101] A3-NoCritic seed=1 (1/3)
    A3-NoCritic | seed=1 (1/3) served=100/100 co2=161.0 t=359s
    -> Saved partial (40 seed-rows, 1600 curve-points)

  [R101] A3-NoCritic seed=201 (2/3)
    A3-NoCritic | seed=201 (2/3) served=100/100 co2=183.7 t=217s
    -> Saved partial (41 seed-rows, 1640 curve-points)

  [R101] A3-NoCritic seed=401 (3/3)
    A3-NoCritic | seed=401 (3/3) served=100/100 co2=161.5 t=455s
    -> Saved partial (42 seed-rows, 1680 curve-points)

  [RC101] A3-NoCritic seed=2 (1/3)
    A3-NoCritic | seed=2 (1/3) served=100/100 co2=299.8 t=354s
    -> Saved partial (43 seed-rows, 1720 curve-points)

  [RC101] A3-NoCritic seed=202 (2/3)
    A3-NoCritic | seed=202 (2/3) served=100/100 co2=306.0 t=319s
    -> Saved partial (44 seed-rows, 1760 curve-points)

  [RC101] A3-NoCritic seed=402 (3/3)
    A3-NoCritic | seed=402 (3/3) served=100/100 co2=332.6 t=526s
    -> Saved partial (45 seed-rows, 1800 curve-points)

  [C101] A4-NoMasks seed=0 (1/3)
    A4-NoMasks | seed=0 (1/3) served=100/100 co2=212.1 t=192s
    -> Saved partial (46 seed-rows, 1840 curve-points)

  [C101] A4-NoMasks seed=200 (2/3)
    A4-NoMasks | seed=200 (2/3) served=100/100 co2=199.7 t=233s
    -> Saved partial (47 seed-rows, 1880 curve-points)

  [C101] A4-NoMasks seed=400 (3/3)
    A4-NoMasks | seed=400 (3/3) served=100/100 co2=178.3 t=173s
    -> Saved partial (48 seed-rows, 1920 curve-points)

  [C201] A4-NoMasks seed=3 (1/3)
    A4-NoMasks | seed=3 (1/3) served=100/100 co2=224.5 t=149s
    -> Saved partial (49 seed-rows, 1960 curve-points)

  [C201] A4-NoMasks seed=203 (2/3)
    A4-NoMasks | seed=203 (2/3) served=100/100 co2=224.9 t=146s
    -> Saved partial (50 seed-rows, 2000 curve-points)

  [C201] A4-NoMasks seed=403 (3/3)
    A4-NoMasks | seed=403 (3/3) served=100/100 co2=207.8 t=132s
    -> Saved partial (51 seed-rows, 2040 curve-points)

  [R101] A4-NoMasks seed=1 (1/3)
    A4-NoMasks | seed=1 (1/3) served=100/100 co2=180.2 t=174s
    -> Saved partial (52 seed-rows, 2080 curve-points)

  [R101] A4-NoMasks seed=201 (2/3)
    A4-NoMasks | seed=201 (2/3) served=100/100 co2=192.3 t=153s
    -> Saved partial (53 seed-rows, 2120 curve-points)

  [R101] A4-NoMasks seed=401 (3/3)
    A4-NoMasks | seed=401 (3/3) served=100/100 co2=187.5 t=159s
    -> Saved partial (54 seed-rows, 2160 curve-points)

  [RC101] A4-NoMasks seed=2 (1/3)
    A4-NoMasks | seed=2 (1/3) served=100/100 co2=280.8 t=149s
    -> Saved partial (55 seed-rows, 2200 curve-points)

  [RC101] A4-NoMasks seed=202 (2/3)
    A4-NoMasks | seed=202 (2/3) served=100/100 co2=300.8 t=158s
    -> Saved partial (56 seed-rows, 2240 curve-points)

  [RC101] A4-NoMasks seed=402 (3/3)
    A4-NoMasks | seed=402 (3/3) served=100/100 co2=276.8 t=145s
    -> Saved partial (57 seed-rows, 2280 curve-points)

======================================================================
ROBUST ABLATION COMPLETE.
  Final results : C:\Users\utente\Desktop\AI and Engineering\REAL_EXPERIMENTS\data\results_v3\e3v2_ablation_final.csv
  Training curves: C:\Users\utente\Desktop\AI and Engineering\REAL_EXPERIMENTS\data\results_v3\e3v2_ablation_curves.csv
======================================================================

=== SUMMARY (mean across seeds) ===
                     mean_sr  std_sr mean_co2  n_collapse
instance variant                                         
C101     A1-NoGAT     100.0%   ±0.0%    144.9           0
         A2-FixedEnt   70.3%  ±51.4%    137.8           1
         A3-NoCritic  100.0%   ±0.0%    198.8           0
         A4-NoMasks   100.0%   ±0.0%    196.7           0
         FULL-v3      100.0%   ±0.0%    200.1           0
C201     A1-NoGAT     100.0%   ±0.0%    218.0           0
         A2-FixedEnt  100.0%   ±0.0%    215.9           0
         A3-NoCritic   99.3%   ±1.2%    183.5           0
         A4-NoMasks   100.0%   ±0.0%    219.1           0
         FULL-v3      100.0%   ±0.0%    236.5           0
R101     A1-NoGAT     100.0%   ±0.0%    162.2           0
         A2-FixedEnt  100.0%   ±0.0%    152.9           0
         A3-NoCritic  100.0%   ±0.0%    168.7           0
         A4-NoMasks   100.0%   ±0.0%    186.6           0
         FULL-v3      100.0%   ±0.0%    164.6           0
RC101    A2-FixedEnt  100.0%   ±0.0%    270.1           0
         A3-NoCritic  100.0%   ±0.0%    312.8           0
         A4-NoMasks   100.0%   ±0.0%    286.1           0
         FULL-v3      100.0%   ±0.0%    277.5           0

=== KEY SIGNAL: seed collapses (service_rate < 80%) ===
instance     variant  seed  service_rate
    C101 A2-FixedEnt     0          0.11
