======================================================================
GAT-MARL v3 — Improved Training Experiments
======================================================================
  Episodes per seed : 200
  Seeds per instance: 3 (best-of-3)
  Test mode         : False
  Resume mode       : False
  Output dir        : C:\Users\utente\Desktop\AI and Engineering\REAL_EXPERIMENTS\data\results_v3
======================================================================

  [ 1/56] C101  (n_cust=100, n_veh=25, BKS=828.9)
  NNH          | served= 67/100 | makespan= 1144.36 | co2_kg= 175.73 | time=0.00s
  CWS          | served=100/100 | makespan= 2224.96 | co2_kg=  81.85 | time=0.00s
  ALNS         | served= 67/100 | makespan= 1182.46 | co2_kg=  71.47 | time=2.00s
  AM           | served= 64/100 | makespan= 1144.36 | co2_kg= 170.22 | time=0.01s
  POMO         | served= 63/100 | makespan= 1144.36 | co2_kg= 161.94 | time=0.07s
  TD-Split     | served= 67/100 | makespan= 1144.36 | co2_kg= 170.75 | time=0.00s
  GAT-MARL v3 | seed=0 (1/3)  training 200 episodes...
  GAT-MARL v3 | seed=200 (2/3)  training 200 episodes...
  GAT-MARL v3 | seed=400 (3/3)  training 200 episodes...
  GAT-MARL v3 | BEST seed=0 -> served=100/100 | co2_kg=181.08 | time=1117.7s

  [ 2/56] C102  (n_cust=100, n_veh=25, BKS=828.9)
  NNH          | served= 83/100 | makespan= 1187.46 | co2_kg= 222.67 | time=0.01s
  CWS          | served=100/100 | makespan= 2224.96 | co2_kg=  81.85 | time=0.00s
  ALNS         | served= 83/100 | makespan= 1181.40 | co2_kg=  79.59 | time=2.85s
  AM           | served= 80/100 | makespan= 1187.46 | co2_kg= 212.30 | time=0.01s
  POMO         | served= 78/100 | makespan= 1187.46 | co2_kg= 210.20 | time=0.07s
  TD-Split     | served= 83/100 | makespan= 1187.46 | co2_kg= 211.30 | time=0.00s
  GAT-MARL v3 | seed=1 (1/3)  training 200 episodes...
  GAT-MARL v3 | seed=201 (2/3)  training 200 episodes...
  GAT-MARL v3 | seed=401 (3/3)  training 200 episodes...
  GAT-MARL v3 | BEST seed=1 -> served=100/100 | co2_kg=244.19 | time=611.6s

  [ 3/56] C103  (n_cust=100, n_veh=25, BKS=828.1)
  NNH          | served= 93/100 | makespan= 1187.31 | co2_kg= 255.54 | time=0.01s
  CWS          | served=100/100 | makespan= 2088.43 | co2_kg=  81.85 | time=0.01s
  ALNS         | served= 93/100 | makespan= 1185.91 | co2_kg=  84.84 | time=3.13s
  AM           | served= 92/100 | makespan= 1187.31 | co2_kg= 256.25 | time=0.01s
  POMO         | served= 92/100 | makespan= 1187.31 | co2_kg= 255.17 | time=0.07s
  TD-Split     | served= 93/100 | makespan= 1187.31 | co2_kg= 255.35 | time=0.00s
  GAT-MARL v3 | seed=2 (1/3)  training 200 episodes...
  GAT-MARL v3 | seed=202 (2/3)  training 200 episodes...
  GAT-MARL v3 | seed=402 (3/3)  training 200 episodes...
  GAT-MARL v3 | BEST seed=2 -> served=100/100 | co2_kg=282.72 | time=778.1s

  [ 4/56] C104  (n_cust=100, n_veh=25, BKS=822.9)
  NNH          | served= 97/100 | makespan= 1186.85 | co2_kg= 269.52 | time=0.01s
  CWS          | served=100/100 | makespan= 1554.25 | co2_kg=  81.85 | time=0.00s
  ALNS         | served= 97/100 | makespan= 1177.57 | co2_kg=  84.95 | time=4.47s
  AM           | served= 97/100 | makespan= 1186.85 | co2_kg= 265.94 | time=0.01s
  POMO         | served= 97/100 | makespan= 1186.85 | co2_kg= 260.52 | time=0.09s
  TD-Split     | served= 97/100 | makespan= 1186.85 | co2_kg= 285.07 | time=0.00s
  GAT-MARL v3 | seed=3 (1/3)  training 200 episodes...
  GAT-MARL v3 | seed=203 (2/3)  training 200 episodes...
  GAT-MARL v3 | seed=403 (3/3)  training 200 episodes...
  GAT-MARL v3 | BEST seed=3 -> served=100/100 | co2_kg=258.61 | time=615.3s

  [ 5/56] C105  (n_cust=100, n_veh=25, BKS=828.9)
  NNH          | served= 71/100 | makespan= 1072.36 | co2_kg= 192.41 | time=0.01s
  CWS          | served=100/100 | makespan= 2152.96 | co2_kg=  81.85 | time=0.01s
  ALNS         | served= 71/100 | makespan= 1160.24 | co2_kg=  70.69 | time=3.50s
  AM           | served= 70/100 | makespan= 1072.36 | co2_kg= 191.52 | time=0.01s
  POMO         | served= 68/100 | makespan= 1072.36 | co2_kg= 183.54 | time=0.11s
  TD-Split     | served= 72/100 | makespan= 1072.36 | co2_kg= 189.91 | time=0.01s
  GAT-MARL v3 | seed=4 (1/3)  training 200 episodes...
  GAT-MARL v3 | seed=204 (2/3)  training 200 episodes...
  GAT-MARL v3 | seed=404 (3/3)  training 200 episodes...
  GAT-MARL v3 | BEST seed=4 -> served=100/100 | co2_kg=192.47 | time=1243.4s

  [ 6/56] C106  (n_cust=100, n_veh=25, BKS=828.9)
  NNH          | served= 72/100 | makespan= 1098.73 | co2_kg= 206.96 | time=0.00s
  CWS          | served=100/100 | makespan= 2056.43 | co2_kg=  81.85 | time=0.01s
  ALNS         | served= 72/100 | makespan= 1214.34 | co2_kg=  76.87 | time=2.10s
  AM           | served= 72/100 | makespan= 1098.73 | co2_kg= 205.52 | time=0.01s
  POMO         | served= 70/100 | makespan= 1098.73 | co2_kg= 202.94 | time=0.06s
  TD-Split     | served= 71/100 | makespan= 1098.73 | co2_kg= 197.98 | time=0.00s
  GAT-MARL v3 | seed=5 (1/3)  training 200 episodes...
  GAT-MARL v3 | seed=205 (2/3)  training 200 episodes...
  GAT-MARL v3 | seed=405 (3/3)  training 200 episodes...
  GAT-MARL v3 | BEST seed=5 -> served=100/100 | co2_kg=210.28 | time=847.8s

  [ 7/56] C107  (n_cust=100, n_veh=25, BKS=828.9)
  NNH          | served= 78/100 | makespan= 1037.36 | co2_kg= 213.54 | time=0.01s
  CWS          | served=100/100 | makespan= 2117.96 | co2_kg=  81.85 | time=0.01s
  ALNS         | served= 78/100 | makespan= 1201.62 | co2_kg=  73.15 | time=2.67s
  AM           | served= 78/100 | makespan= 1037.36 | co2_kg= 212.98 | time=0.01s
  POMO         | served= 71/100 | makespan= 1037.36 | co2_kg= 209.11 | time=0.07s
  TD-Split     | served= 79/100 | makespan= 1037.36 | co2_kg= 215.84 | time=0.00s
  GAT-MARL v3 | seed=6 (1/3)  training 200 episodes...
  GAT-MARL v3 | seed=206 (2/3)  training 200 episodes...
  GAT-MARL v3 | seed=406 (3/3)  training 200 episodes...
  GAT-MARL v3 | BEST seed=6 -> served=100/100 | co2_kg=216.70 | time=900.3s

  [ 8/56] C108  (n_cust=100, n_veh=25, BKS=828.9)
  NNH          | served= 86/100 | makespan= 1027.76 | co2_kg= 237.04 | time=0.01s
  CWS          | served=100/100 | makespan= 2015.43 | co2_kg=  81.85 | time=0.01s
  ALNS         | served= 86/100 | makespan= 1186.97 | co2_kg=  78.62 | time=4.50s
  AM           | served= 85/100 | makespan= 1027.76 | co2_kg= 222.23 | time=0.01s
  POMO         | served= 79/100 | makespan= 1027.76 | co2_kg= 218.29 | time=0.13s
  TD-Split     | served= 85/100 | makespan= 1027.76 | co2_kg= 226.84 | time=0.01s
  GAT-MARL v3 | seed=7 (1/3)  training 200 episodes...
  GAT-MARL v3 | seed=207 (2/3)  training 200 episodes...
  GAT-MARL v3 | seed=407 (3/3)  training 200 episodes...
  GAT-MARL v3 | BEST seed=7 -> served=100/100 | co2_kg=192.26 | time=1081.4s

  [ 9/56] C109  (n_cust=100, n_veh=25, BKS=828.9)
  NNH          | served= 96/100 | makespan= 1034.94 | co2_kg= 262.56 | time=0.00s
  CWS          | served=100/100 | makespan= 1937.96 | co2_kg=  81.85 | time=0.01s
  ALNS         | served= 96/100 | makespan= 1197.92 | co2_kg=  99.16 | time=4.52s
  AM           | served= 96/100 | makespan= 1042.33 | co2_kg= 265.13 | time=0.01s
  POMO         | served= 95/100 | makespan= 1034.94 | co2_kg= 251.69 | time=0.09s
  TD-Split     | served= 98/100 | makespan= 1034.94 | co2_kg= 265.39 | time=0.00s
  GAT-MARL v3 | seed=8 (1/3)  training 200 episodes...
  GAT-MARL v3 | seed=208 (2/3)  training 200 episodes...
  GAT-MARL v3 | seed=408 (3/3)  training 200 episodes...
  GAT-MARL v3 | BEST seed=8 -> served=100/100 | co2_kg=242.22 | time=770.5s

  [10/56] C201  (n_cust=100, n_veh=25, BKS=591.6)
  NNH          | served= 98/100 | makespan= 3209.41 | co2_kg= 241.57 | time=0.01s
  CWS          | served=100/100 | makespan= 6251.45 | co2_kg=  60.70 | time=0.02s
  ALNS         | served= 98/100 | makespan= 3277.61 | co2_kg=  55.53 | time=34.01s
  AM           | served= 98/100 | makespan= 3209.41 | co2_kg= 249.95 | time=0.03s
  POMO         | served= 98/100 | makespan= 3209.41 | co2_kg= 232.07 | time=0.16s
  TD-Split     | served= 98/100 | makespan= 3209.41 | co2_kg= 247.90 | time=0.01s
  GAT-MARL v3 | seed=9 (1/3)  training 200 episodes...
  GAT-MARL v3 | seed=209 (2/3)  training 200 episodes...
  GAT-MARL v3 | seed=409 (3/3)  training 200 episodes...
  GAT-MARL v3 | BEST seed=209 -> served=81/100 | co2_kg=268.62 | time=6775.6s

  [11/56] C202  (n_cust=100, n_veh=25, BKS=591.6)
  NNH          | served=100/100 | makespan= 3278.36 | co2_kg= 260.42 | time=0.01s
  CWS          | served=100/100 | makespan= 6251.45 | co2_kg=  60.70 | time=0.01s
  ALNS         | served=100/100 | makespan= 3277.61 | co2_kg=  56.52 | time=26.87s
  AM           | served=100/100 | makespan= 3278.36 | co2_kg= 260.10 | time=0.01s
  POMO         | served=100/100 | makespan= 3299.55 | co2_kg= 239.67 | time=0.10s
  TD-Split     | served=100/100 | makespan= 3278.36 | co2_kg= 253.97 | time=0.00s
  GAT-MARL v3 | seed=10 (1/3)  training 200 episodes...
  GAT-MARL v3 | seed=210 (2/3)  training 200 episodes...
  GAT-MARL v3 | seed=410 (3/3)  training 200 episodes...
  GAT-MARL v3 | BEST seed=10 -> served=99/100 | co2_kg=314.40 | time=3753.6s

  [12/56] C203  (n_cust=100, n_veh=25, BKS=591.2)
  NNH          | served=100/100 | makespan= 3277.71 | co2_kg= 258.54 | time=0.00s
  CWS          | served=100/100 | makespan= 6251.45 | co2_kg=  60.70 | time=0.01s
  ALNS         | served=100/100 | makespan= 3367.65 | co2_kg=  56.78 | time=29.91s
  AM           | served=100/100 | makespan= 3277.71 | co2_kg= 258.54 | time=0.01s
  POMO         | served=100/100 | makespan= 3277.71 | co2_kg= 241.99 | time=0.10s
  TD-Split     | served=100/100 | makespan= 3277.71 | co2_kg= 256.84 | time=0.00s
  GAT-MARL v3 | seed=11 (1/3)  training 200 episodes...
  GAT-MARL v3 | seed=211 (2/3)  training 200 episodes...
  GAT-MARL v3 | seed=411 (3/3)  training 200 episodes...
  GAT-MARL v3 | BEST seed=211 -> served=100/100 | co2_kg=375.89 | time=4408.3s

  [13/56] C204  (n_cust=100, n_veh=25, BKS=590.6)
  NNH          | served=100/100 | makespan= 3277.71 | co2_kg= 247.77 | time=0.01s
  CWS          | served=100/100 | makespan= 6251.45 | co2_kg=  60.70 | time=0.01s
  ALNS         | served=100/100 | makespan= 3367.65 | co2_kg=  56.97 | time=68.40s
  AM           | served=100/100 | makespan= 3277.71 | co2_kg= 253.28 | time=0.03s
  POMO         | served=100/100 | makespan= 3277.71 | co2_kg= 247.91 | time=0.19s
  TD-Split     | served=100/100 | makespan= 3277.71 | co2_kg= 250.20 | time=0.01s
  GAT-MARL v3 | seed=12 (1/3)  training 200 episodes...
  GAT-MARL v3 | seed=212 (2/3)  training 200 episodes...
  GAT-MARL v3 | seed=412 (3/3)  training 200 episodes...
  GAT-MARL v3 | BEST seed=12 -> served=100/100 | co2_kg=390.82 | time=785.2s

  [14/56] C205  (n_cust=100, n_veh=25, BKS=588.9)
  NNH          | served=100/100 | makespan= 3084.20 | co2_kg= 243.70 | time=0.01s
  CWS          | served=100/100 | makespan= 6109.45 | co2_kg=  60.70 | time=0.01s
  ALNS         | served=100/100 | makespan= 3225.84 | co2_kg=  56.41 | time=24.86s
  AM           | served=100/100 | makespan= 3084.01 | co2_kg= 243.79 | time=0.01s
  POMO         | served= 95/100 | makespan= 3084.52 | co2_kg= 240.20 | time=0.10s
  TD-Split     | served=100/100 | makespan= 3084.20 | co2_kg= 242.51 | time=0.01s
  GAT-MARL v3 | seed=13 (1/3)  training 200 episodes...
  GAT-MARL v3 | seed=213 (2/3)  training 200 episodes...
  GAT-MARL v3 | seed=413 (3/3)  training 200 episodes...
  GAT-MARL v3 | BEST seed=213 -> served=97/100 | co2_kg=307.58 | time=9804.1s

  [15/56] C206  (n_cust=100, n_veh=25, BKS=588.5)
  NNH          | served=100/100 | makespan= 3066.49 | co2_kg= 257.58 | time=0.01s
  CWS          | served=100/100 | makespan= 6130.45 | co2_kg=  60.70 | time=0.01s
  ALNS         | served=100/100 | makespan= 3162.55 | co2_kg=  56.24 | time=47.40s
  AM           | served=100/100 | makespan= 3066.49 | co2_kg= 257.97 | time=0.01s
  POMO         | served= 98/100 | makespan= 3066.49 | co2_kg= 253.04 | time=0.23s
  TD-Split     | served=100/100 | makespan= 3066.49 | co2_kg= 250.89 | time=0.03s
  GAT-MARL v3 | seed=14 (1/3)  training 200 episodes...
  GAT-MARL v3 | seed=214 (2/3)  training 200 episodes...
  GAT-MARL v3 | seed=414 (3/3)  training 200 episodes...
  GAT-MARL v3 | BEST seed=214 -> served=99/100 | co2_kg=323.01 | time=8692.9s

  [16/56] C207  (n_cust=100, n_veh=25, BKS=588.3)
  NNH          | served=100/100 | makespan= 3066.49 | co2_kg= 256.86 | time=0.01s
  CWS          | served=100/100 | makespan= 6130.45 | co2_kg=  60.70 | time=0.01s
  ALNS         | served=100/100 | makespan= 3242.69 | co2_kg=  56.22 | time=31.84s
  AM           | served=100/100 | makespan= 3066.49 | co2_kg= 251.16 | time=0.02s
  POMO         | served=100/100 | makespan= 3066.49 | co2_kg= 245.51 | time=0.10s
  TD-Split     | served=100/100 | makespan= 3066.49 | co2_kg= 254.29 | time=0.01s
  GAT-MARL v3 | seed=15 (1/3)  training 200 episodes...
  GAT-MARL v3 | seed=215 (2/3)  training 200 episodes...
  GAT-MARL v3 | seed=415 (3/3)  training 200 episodes...
  GAT-MARL v3 | BEST seed=15 -> served=99/100 | co2_kg=326.88 | time=13293.3s

  [17/56] C208  (n_cust=100, n_veh=25, BKS=585.9)
  NNH          | served=100/100 | makespan= 2920.28 | co2_kg= 261.81 | time=0.01s
  CWS          | served=100/100 | makespan= 5789.45 | co2_kg=  60.70 | time=0.01s
  ALNS         | served=100/100 | makespan= 3242.60 | co2_kg=  56.22 | time=36.30s
  AM           | served=100/100 | makespan= 2919.99 | co2_kg= 268.80 | time=0.01s
  POMO         | served=100/100 | makespan= 2920.76 | co2_kg= 272.22 | time=0.10s
  TD-Split     | served=100/100 | makespan= 2920.28 | co2_kg= 261.19 | time=0.01s
  GAT-MARL v3 | seed=16 (1/3)  training 200 episodes...
  GAT-MARL v3 | seed=216 (2/3)  training 200 episodes...
  GAT-MARL v3 | seed=416 (3/3)  training 200 episodes...
  GAT-MARL v3 | BEST seed=16 -> served=100/100 | co2_kg=379.92 | time=14091.4s

  [18/56] R101  (n_cust=100, n_veh=25, BKS=1645.8)
  NNH          | served= 70/100 | makespan=  210.18 | co2_kg= 155.14 | time=0.01s
  CWS          | served=100/100 | makespan=  344.69 | co2_kg=  87.45 | time=0.01s
  ALNS         | served= 70/100 | makespan=  210.18 | co2_kg=  92.97 | time=4.24s
  AM           | served= 68/100 | makespan=  210.18 | co2_kg= 149.75 | time=0.04s
  POMO         | served= 65/100 | makespan=  210.18 | co2_kg= 145.29 | time=0.09s
  TD-Split     | served= 84/100 | makespan=  210.18 | co2_kg= 139.18 | time=0.01s
  GAT-MARL v3 | seed=17 (1/3)  training 200 episodes...
  GAT-MARL v3 | seed=217 (2/3)  training 200 episodes...
  GAT-MARL v3 | seed=417 (3/3)  training 200 episodes...
| makespan= 2919.99 | co2_kg= 268.80 | time=0.01s
  POMO         | served=100/100 | makespan= 2920.76 | co2_kg= 272.22 | time=0.09s
  TD-Split     | served=100/100 | makespan= 2920.28 | co2_kg= 261.19 | time=0.00s
  GAT-MARL v3 | seed=16 (1/3)  training 200 episodes...
  GAT-MARL v3 | seed=216 (2/3)  training 200 episodes...
  GAT-MARL v3 | seed=416 (3/3)  training 200 episodes...
  GAT-MARL v3 | BEST seed=16 -> served=100/100 | co2_kg=379.92 | time=14034.1s

  [18/56] R101  (n_cust=100, n_veh=25, BKS=1645.8)
  NNH          | served= 70/100 | makespan=  210.18 | co2_kg= 155.14 | time=0.01s
  CWS          | served=100/100 | makespan=  344.69 | co2_kg=  87.45 | time=0.01s
  ALNS         | served= 70/100 | makespan=  210.18 | co2_kg=  92.97 | time=4.28s
  AM           | served= 68/100 | makespan=  210.18 | co2_kg= 149.75 | time=0.03s
  POMO         | served= 65/100 | makespan=  210.18 | co2_kg= 145.29 | time=0.12s
  TD-Split     | served= 84/100 | makespan=  210.18 | co2_kg= 139.18 | time=0.00s
  GAT-MARL v3 | seed=17 (1/3)  training 200 episodes...
kg=  56.22 | time=38.11s
  AM           | served=100/100 | makespan= 2919.99 | co2_kg= 268.80 | time=0.04s
  POMO         | served=100/100 | makespan= 2920.76 | co2_kg= 272.22 | time=0.10s
  TD-Split     | served=100/100 | makespan= 2920.28 | co2_kg= 261.19 | time=0.00s
  GAT-MARL v3 | seed=16 (1/3)  training 200 episodes...
  GAT-MARL v3 | seed=216 (2/3)  training 200 episodes...
  GAT-MARL v3 | seed=416 (3/3)  training 200 episodes...
  GAT-MARL v3 | BEST seed=16 -> served=100/100 | co2_kg=379.92 | time=14068.3s

  [18/56] R101  (n_cust=100, n_veh=25, BKS=1645.8)
  NNH          | served= 70/100 | makespan=  210.18 | co2_kg= 155.14 | time=0.01s
  CWS          | served=100/100 | makespan=  344.69 | co2_kg=  87.45 | time=0.03s
  ALNS         | served= 70/100 | makespan=  210.18 | co2_kg=  92.97 | time=4.51s
  AM           | served= 68/100 | makespan=  210.18 | co2_kg= 149.75 | time=0.03s
  POMO         | served= 65/100 | makespan=  210.18 | co2_kg= 145.29 | time=0.12s
  TD-Split     | served= 84/100 | makespan=  210.18 | co2_kg= 139.18 | time=0.00s
  GAT-MARL v3 | seed=17 (1/3)  training 200 episodes...
 ALNS         | served= 70/100 | makespan=  210.18 | co2_kg=  92.97 | time=3.98s
  AM           | served= 68/100 | makespan=  210.18 | co2_kg= 149.75 | time=0.01s
  POMO         | served= 65/100 | makespan=  210.18 | co2_kg= 145.29 | time=0.17s
  TD-Split     | served= 84/100 | makespan=  210.18 | co2_kg= 139.18 | time=0.00s
  GAT-MARL v3 | seed=17 (1/3)  training 200 episodes...
  GAT-MARL v3 | seed=217 (2/3)  training 200 episodes...
======================================================================
GAT-MARL v3 — Improved Training Experiments
======================================================================
  Episodes per seed : 200
  Seeds per instance: 3 (best-of-3)
  Test mode         : False
  Resume mode       : True
  Output dir        : C:\Users\utente\Desktop\AI and Engineering\REAL_EXPERIMENTS\data\results_v3
======================================================================
  Resume: skipping 17 already-done instances

  [18/56] R101  (n_cust=100, n_veh=25, BKS=1645.8)
  NNH          | served= 70/100 | makespan=  210.18 | co2_kg= 155.14 | time=0.01s
  CWS          | served=100/100 | makespan=  344.69 | co2_kg=  87.45 | time=0.01s
  ALNS         | served= 70/100 | makespan=  210.18 | co2_kg=  92.97 | time=1.96s
  AM           | served= 68/100 | makespan=  210.18 | co2_kg= 149.75 | time=0.01s
  POMO         | served= 65/100 | makespan=  210.18 | co2_kg= 145.29 | time=0.06s
  TD-Split     | served= 84/100 | makespan=  210.18 | co2_kg= 139.18 | time=0.00s
  GAT-MARL v3 | seed=17 (1/3)  training 200 episodes...
  GAT-MARL v3 | seed=217 (2/3)  training 200 episodes...
======================================================================
GAT-MARL v3 — Improved Training Experiments
======================================================================
  Episodes per seed : 200
  Seeds per instance: 3 (best-of-3)
  Test mode         : False
  Resume mode       : True
  Output dir        : C:\Users\utente\Desktop\AI and Engineering\REAL_EXPERIMENTS\data\results_v3
======================================================================
  Resume: skipping 17 already-done instances

  [18/56] R101  (n_cust=100, n_veh=25, BKS=1645.8)
  NNH          | served= 70/100 | makespan=  210.18 | co2_kg= 155.14 | time=0.00s
  CWS          | served=100/100 | makespan=  344.69 | co2_kg=  87.45 | time=0.01s
  ALNS         | served= 70/100 | makespan=  210.18 | co2_kg=  92.97 | time=1.86s
  AM           | served= 68/100 | makespan=  210.18 | co2_kg= 149.75 | time=0.01s
  POMO         | served= 65/100 | makespan=  210.18 | co2_kg= 145.29 | time=0.06s
  TD-Split     | served= 84/100 | makespan=  210.18 | co2_kg= 139.18 | time=0.00s
  GAT-MARL v3 | seed=17 (1/3)  training 200 episodes...
  GAT-MARL v3 | seed=217 (2/3)  training 200 episodes...
  GAT-MARL v3 | seed=417 (3/3)  training 200 episodes...
  GAT-MARL v3 | BEST seed=417 -> served=82/100 | co2_kg=213.36 | time=11299.8s

  [19/56] R102  (n_cust=100, n_veh=25, BKS=1486.1)
  NNH          | served= 86/100 | makespan=  210.18 | co2_kg= 162.78 | time=0.01s
  CWS          | served=100/100 | makespan=  344.69 | co2_kg=  87.45 | time=0.02s
  ALNS         | served= 86/100 | makespan=  210.18 | co2_kg=  95.60 | time=15.02s
  AM           | served= 87/100 | makespan=  210.18 | co2_kg= 171.25 | time=0.05s
  POMO         | served= 84/100 | makespan=  210.18 | co2_kg= 164.30 | time=0.41s
  TD-Split     | served= 94/100 | makespan=  210.18 | co2_kg= 140.69 | time=0.01s
  GAT-MARL v3 | seed=18 (1/3)  training 200 episodes...
  GAT-MARL v3 | seed=218 (2/3)  training 200 episodes...
  GAT-MARL v3 | seed=418 (3/3)  training 200 episodes...
  GAT-MARL v3 | BEST seed=218 -> served=90/100 | co2_kg=242.37 | time=9471.3s

  [20/56] R103  (n_cust=100, n_veh=25, BKS=1292.7)
  NNH          | served= 96/100 | makespan=  210.18 | co2_kg= 181.75 | time=0.03s
  CWS          | served=100/100 | makespan=  344.69 | co2_kg=  87.45 | time=0.02s
  ALNS         | served= 96/100 | makespan=  218.99 | co2_kg=  99.17 | time=17.55s
  AM           | served= 96/100 | makespan=  210.18 | co2_kg= 183.81 | time=0.06s
  POMO         | served= 93/100 | makespan=  210.18 | co2_kg= 174.71 | time=0.41s
  TD-Split     | served=100/100 | makespan=  210.18 | co2_kg= 159.24 | time=0.01s
  GAT-MARL v3 | seed=19 (1/3)  training 200 episodes...
======================================================================
GAT-MARL v3 — Improved Training Experiments
======================================================================
  Episodes per seed : 200
  Seeds per instance: 3 (best-of-3)
  Test mode         : False
  Resume mode       : True
  Output dir        : C:\Users\utente\Desktop\AI and Engineering\REAL_EXPERIMENTS\data\results_v3
======================================================================
  Resume: skipping 19 already-done instances

  [20/56] R103  (n_cust=100, n_veh=25, BKS=1292.7)
  NNH          | served= 96/100 | makespan=  210.18 | co2_kg= 181.75 | time=0.00s
  CWS          | served=100/100 | makespan=  344.69 | co2_kg=  87.45 | time=0.00s
  ALNS         | served= 96/100 | makespan=  218.99 | co2_kg=  99.17 | time=3.02s
  AM           | served= 96/100 | makespan=  210.18 | co2_kg= 183.81 | time=0.01s
  POMO         | served= 93/100 | makespan=  210.18 | co2_kg= 174.71 | time=0.06s
  TD-Split     | served=100/100 | makespan=  210.18 | co2_kg= 159.24 | time=0.00s
  GAT-MARL v3 | seed=19 (1/3)  training 200 episodes...
  GAT-MARL v3 | seed=219 (2/3)  training 200 episodes...
  GAT-MARL v3 | seed=419 (3/3)  training 200 episodes...
  GAT-MARL v3 | BEST seed=19 -> served=100/100 | co2_kg=327.31 | time=3351.2s

  [21/56] R104  (n_cust=100, n_veh=25, BKS=1007.3)
  NNH          | served=100/100 | makespan=  210.18 | co2_kg= 192.32 | time=0.00s
  CWS          | served=100/100 | makespan=  263.66 | co2_kg=  87.45 | time=0.00s
  ALNS         | served=100/100 | makespan=  215.49 | co2_kg=  89.94 | time=4.54s
  AM           | served=100/100 | makespan=  210.18 | co2_kg= 195.77 | time=0.01s
  POMO         | served=100/100 | makespan=  210.18 | co2_kg= 186.92 | time=0.08s
  TD-Split     | served=100/100 | makespan=  210.18 | co2_kg= 162.61 | time=0.00s
  GAT-MARL v3 | seed=20 (1/3)  training 200 episodes...
  GAT-MARL v3 | seed=220 (2/3)  training 200 episodes...
  GAT-MARL v3 | seed=420 (3/3)  training 200 episodes...
  GAT-MARL v3 | BEST seed=20 -> served=100/100 | co2_kg=331.11 | time=545.8s

  [22/56] R105  (n_cust=100, n_veh=25, BKS=1377.1)
  NNH          | served= 89/100 | makespan=  200.77 | co2_kg= 196.67 | time=0.00s
  CWS          | served=100/100 | makespan=  330.69 | co2_kg=  87.45 | time=0.00s
  ALNS         | served= 89/100 | makespan=  197.01 | co2_kg= 101.10 | time=3.32s
  AM           | served= 84/100 | makespan=  200.77 | co2_kg= 199.66 | time=0.01s
  POMO         | served= 83/100 | makespan=  200.77 | co2_kg= 185.93 | time=0.06s
  TD-Split     | served= 95/100 | makespan=  200.77 | co2_kg= 171.53 | time=0.00s
  GAT-MARL v3 | seed=21 (1/3)  training 200 episodes...
  GAT-MARL v3 | seed=221 (2/3)  training 200 episodes...
  GAT-MARL v3 | seed=421 (3/3)  training 200 episodes...
  GAT-MARL v3 | BEST seed=21 -> served=92/100 | co2_kg=249.56 | time=5122.5s

  [23/56] R106  (n_cust=100, n_veh=25, BKS=1252.0)
  NNH          | served= 99/100 | makespan=  200.75 | co2_kg= 195.55 | time=0.01s
  CWS          | served=100/100 | makespan=  330.69 | co2_kg=  87.45 | time=0.01s
  ALNS         | served= 99/100 | makespan=  205.58 | co2_kg= 118.79 | time=4.16s
  AM           | served= 90/100 | makespan=  200.75 | co2_kg= 176.35 | time=0.01s
  POMO         | served= 90/100 | makespan=  200.75 | co2_kg= 171.24 | time=0.07s
  TD-Split     | served=100/100 | makespan=  200.75 | co2_kg= 170.89 | time=0.00s
  GAT-MARL v3 | seed=22 (1/3)  training 200 episodes...
  GAT-MARL v3 | seed=222 (2/3)  training 200 episodes...
  GAT-MARL v3 | seed=422 (3/3)  training 200 episodes...
  GAT-MARL v3 | BEST seed=22 -> served=100/100 | co2_kg=344.76 | time=3460.4s

  [24/56] R107  (n_cust=100, n_veh=25, BKS=1104.7)
  NNH          | served=100/100 | makespan=  200.82 | co2_kg= 200.12 | time=0.00s
  CWS          | served=100/100 | makespan=  330.69 | co2_kg=  87.45 | time=0.00s
  ALNS         | served=100/100 | makespan=  215.69 | co2_kg= 101.07 | time=3.08s
  AM           | served=100/100 | makespan=  200.64 | co2_kg= 203.34 | time=0.01s
  POMO         | served= 98/100 | makespan=  200.64 | co2_kg= 189.90 | time=0.06s
  TD-Split     | served=100/100 | makespan=  200.76 | co2_kg= 162.42 | time=0.00s
  GAT-MARL v3 | seed=23 (1/3)  training 200 episodes...
  GAT-MARL v3 | seed=223 (2/3)  training 200 episodes...
  GAT-MARL v3 | seed=423 (3/3)  training 200 episodes...
  GAT-MARL v3 | BEST seed=23 -> served=100/100 | co2_kg=330.22 | time=1126.3s

  [25/56] R108  (n_cust=100, n_veh=25, BKS=960.9)
  NNH          | served=100/100 | makespan=  200.76 | co2_kg= 194.39 | time=0.00s
  CWS          | served=100/100 | makespan=  247.66 | co2_kg=  87.45 | time=0.00s
  ALNS         | served=100/100 | makespan=  206.83 | co2_kg=  91.88 | time=3.70s
  AM           | served=100/100 | makespan=  200.64 | co2_kg= 193.91 | time=0.01s
  POMO         | served=100/100 | makespan=  200.64 | co2_kg= 193.25 | time=0.06s
  TD-Split     | served=100/100 | makespan=  200.76 | co2_kg= 165.42 | time=0.00s
  GAT-MARL v3 | seed=24 (1/3)  training 200 episodes...
  GAT-MARL v3 | seed=224 (2/3)  training 200 episodes...
  GAT-MARL v3 | seed=424 (3/3)  training 200 episodes...
  GAT-MARL v3 | BEST seed=24 -> served=100/100 | co2_kg=326.21 | time=264.2s

  [26/56] R109  (n_cust=100, n_veh=25, BKS=1194.7)
  NNH          | served=100/100 | makespan=  178.06 | co2_kg= 218.74 | time=0.00s
  CWS          | served=100/100 | makespan=  285.69 | co2_kg=  87.45 | time=0.01s
  ALNS         | served=100/100 | makespan=  184.25 | co2_kg= 107.16 | time=2.94s
  AM           | served=100/100 | makespan=  178.06 | co2_kg= 211.42 | time=0.01s
  POMO         | served=100/100 | makespan=  178.06 | co2_kg= 211.42 | time=0.06s
  TD-Split     | served=100/100 | makespan=  178.06 | co2_kg= 176.87 | time=0.00s
  GAT-MARL v3 | seed=25 (1/3)  training 200 episodes...
  GAT-MARL v3 | seed=225 (2/3)  training 200 episodes...
  GAT-MARL v3 | seed=425 (3/3)  training 200 episodes...
  GAT-MARL v3 | BEST seed=25 -> served=100/100 | co2_kg=341.03 | time=1904.2s

  [27/56] R110  (n_cust=100, n_veh=25, BKS=1118.8)
  NNH          | served=100/100 | makespan=  171.70 | co2_kg= 212.58 | time=0.00s
  CWS          | served=100/100 | makespan=  258.38 | co2_kg=  87.45 | time=0.00s
  ALNS         | served=100/100 | makespan=  195.00 | co2_kg= 103.30 | time=3.27s
  AM           | served=100/100 | makespan=  171.49 | co2_kg= 209.35 | time=0.01s
  POMO         | served=100/100 | makespan=  171.49 | co2_kg= 209.35 | time=0.06s
  TD-Split     | served=100/100 | makespan=  170.78 | co2_kg= 166.97 | time=0.00s
  GAT-MARL v3 | seed=26 (1/3)  training 200 episodes...
  GAT-MARL v3 | seed=226 (2/3)  training 200 episodes...
  GAT-MARL v3 | seed=426 (3/3)  training 200 episodes...
  GAT-MARL v3 | BEST seed=26 -> served=100/100 | co2_kg=337.74 | time=445.1s

  [28/56] R111  (n_cust=100, n_veh=25, BKS=1096.7)
  NNH          | served=100/100 | makespan=  199.94 | co2_kg= 204.95 | time=0.00s
  CWS          | served=100/100 | makespan=  285.69 | co2_kg=  87.45 | time=0.01s
  ALNS         | served=100/100 | makespan=  197.76 | co2_kg= 102.12 | time=3.09s
  AM           | served=100/100 | makespan=  199.94 | co2_kg= 207.76 | time=0.01s
  POMO         | served=100/100 | makespan=  198.75 | co2_kg= 202.76 | time=0.06s
  TD-Split     | served=100/100 | makespan=  198.75 | co2_kg= 165.88 | time=0.00s
  GAT-MARL v3 | seed=27 (1/3)  training 200 episodes...
  GAT-MARL v3 | seed=227 (2/3)  training 200 episodes...
  GAT-MARL v3 | seed=427 (3/3)  training 200 episodes...
  GAT-MARL v3 | BEST seed=27 -> served=100/100 | co2_kg=330.84 | time=770.7s

  [29/56] R112  (n_cust=100, n_veh=25, BKS=982.1)
  NNH          | served=100/100 | makespan=  134.25 | co2_kg= 198.43 | time=0.00s
  CWS          | served=100/100 | makespan=  218.37 | co2_kg=  87.45 | time=0.00s
  ALNS         | served=100/100 | makespan=  205.77 | co2_kg=  91.79 | time=3.54s
  AM           | served=100/100 | makespan=  133.91 | co2_kg= 201.92 | time=0.01s
  POMO         | served=100/100 | makespan=  134.25 | co2_kg= 198.10 | time=0.06s
  TD-Split     | served=100/100 | makespan=  123.26 | co2_kg= 165.23 | time=0.00s
  GAT-MARL v3 | seed=28 (1/3)  training 200 episodes...
  GAT-MARL v3 | seed=228 (2/3)  training 200 episodes...
  GAT-MARL v3 | seed=428 (3/3)  training 200 episodes...
  GAT-MARL v3 | BEST seed=28 -> served=100/100 | co2_kg=339.55 | time=228.6s

  [30/56] R201  (n_cust=100, n_veh=25, BKS=1252.4)
  NNH          | served= 93/100 | makespan=  880.49 | co2_kg= 195.80 | time=0.00s
  CWS          | served=100/100 | makespan= 1430.26 | co2_kg=  67.72 | time=0.00s
  ALNS         | served= 93/100 | makespan=  880.24 | co2_kg=  96.45 | time=10.03s
  AM           | served= 93/100 | makespan=  880.98 | co2_kg= 202.72 | time=0.01s
  POMO         | served= 93/100 | makespan=  869.87 | co2_kg= 192.42 | time=0.05s
  TD-Split     | served= 97/100 | makespan=  869.77 | co2_kg= 175.16 | time=0.00s
  GAT-MARL v3 | seed=29 (1/3)  training 200 episodes...
  GAT-MARL v3 | seed=229 (2/3)  training 200 episodes...
  GAT-MARL v3 | seed=429 (3/3)  training 200 episodes...
  GAT-MARL v3 | BEST seed=29 -> served=100/100 | co2_kg=320.08 | time=2770.6s

  [31/56] R202  (n_cust=100, n_veh=25, BKS=1191.7)
  NNH          | served=100/100 | makespan=  879.96 | co2_kg= 206.70 | time=0.01s
  CWS          | served=100/100 | makespan= 1430.26 | co2_kg=  67.72 | time=0.00s
  ALNS         | served=100/100 | makespan=  879.71 | co2_kg=  96.80 | time=17.03s
  AM           | served= 92/100 | makespan=  879.96 | co2_kg= 187.29 | time=0.01s
  POMO         | served= 92/100 | makespan=  879.96 | co2_kg= 185.05 | time=0.05s
  TD-Split     | served=100/100 | makespan=  879.96 | co2_kg= 158.61 | time=0.00s
  GAT-MARL v3 | seed=30 (1/3)  training 200 episodes...
  GAT-MARL v3 | seed=230 (2/3)  training 200 episodes...
  GAT-MARL v3 | seed=430 (3/3)  training 200 episodes...
  GAT-MARL v3 | BEST seed=30 -> served=100/100 | co2_kg=334.61 | time=2312.3s

  [32/56] R203  (n_cust=100, n_veh=25, BKS=939.5)
  NNH          | served=100/100 | makespan=  891.25 | co2_kg= 197.21 | time=0.00s
  CWS          | served=100/100 | makespan= 1430.26 | co2_kg=  67.72 | time=0.00s
  ALNS         | served=100/100 | makespan=  889.99 | co2_kg=  82.50 | time=18.16s
  AM           | served=100/100 | makespan=  890.44 | co2_kg= 189.47 | time=0.01s
  POMO         | served=100/100 | makespan=  891.33 | co2_kg= 190.07 | time=0.06s
  TD-Split     | served=100/100 | makespan=  880.27 | co2_kg= 161.47 | time=0.00s
  GAT-MARL v3 | seed=31 (1/3)  training 200 episodes...
  GAT-MARL v3 | seed=231 (2/3)  training 200 episodes...
  GAT-MARL v3 | seed=431 (3/3)  training 200 episodes...
  GAT-MARL v3 | BEST seed=31 -> served=100/100 | co2_kg=308.94 | time=436.6s

  [33/56] R204  (n_cust=100, n_veh=25, BKS=825.5)
  NNH          | served=100/100 | makespan=  890.32 | co2_kg= 190.90 | time=0.00s
  CWS          | served=100/100 | makespan= 1387.11 | co2_kg=  67.72 | time=0.00s
  ALNS         | served=100/100 | makespan=  979.25 | co2_kg=  77.59 | time=21.89s
  AM           | served=100/100 | makespan=  890.04 | co2_kg= 195.06 | time=0.01s
  POMO         | served=100/100 | makespan=  890.85 | co2_kg= 191.08 | time=0.06s
  TD-Split     | served=100/100 | makespan=  879.96 | co2_kg= 159.23 | time=0.00s
  GAT-MARL v3 | seed=32 (1/3)  training 200 episodes...
  GAT-MARL v3 | seed=232 (2/3)  training 200 episodes...
  GAT-MARL v3 | seed=432 (3/3)  training 200 episodes...
  GAT-MARL v3 | BEST seed=32 -> served=100/100 | co2_kg=317.94 | time=229.1s

  [34/56] R205  (n_cust=100, n_veh=25, BKS=994.4)
  NNH          | served=100/100 | makespan=  771.06 | co2_kg= 209.94 | time=0.00s
  CWS          | served=100/100 | makespan= 1348.26 | co2_kg=  67.72 | time=0.00s
  ALNS         | served=100/100 | makespan=  810.54 | co2_kg=  91.85 | time=22.36s
  AM           | served=100/100 | makespan=  771.33 | co2_kg= 217.53 | time=0.01s
  POMO         | served=100/100 | makespan=  771.06 | co2_kg= 209.33 | time=0.05s
  TD-Split     | served=100/100 | makespan=  771.06 | co2_kg= 173.55 | time=0.00s
  GAT-MARL v3 | seed=33 (1/3)  training 200 episodes...
  GAT-MARL v3 | seed=233 (2/3)  training 200 episodes...
  GAT-MARL v3 | seed=433 (3/3)  training 200 episodes...
  GAT-MARL v3 | BEST seed=33 -> served=100/100 | co2_kg=316.01 | time=1115.1s

  [35/56] R206  (n_cust=100, n_veh=25, BKS=906.1)
  NNH          | served=100/100 | makespan=  782.21 | co2_kg= 202.55 | time=0.00s
  CWS          | served=100/100 | makespan= 1348.26 | co2_kg=  67.72 | time=0.00s
  ALNS         | served=100/100 | makespan=  850.06 | co2_kg=  91.09 | time=23.77s
  AM           | served=100/100 | makespan=  781.44 | co2_kg= 194.90 | time=0.01s
  POMO         | served=100/100 | makespan=  782.21 | co2_kg= 194.33 | time=0.05s
  TD-Split     | served=100/100 | makespan=  770.98 | co2_kg= 160.13 | time=0.00s
  GAT-MARL v3 | seed=34 (1/3)  training 200 episodes...
  GAT-MARL v3 | seed=234 (2/3)  training 200 episodes...
  GAT-MARL v3 | seed=434 (3/3)  training 200 episodes...
  GAT-MARL v3 | BEST seed=34 -> served=100/100 | co2_kg=309.99 | time=456.4s

  [36/56] R207  (n_cust=100, n_veh=25, BKS=890.6)
  NNH          | served=100/100 | makespan=  782.12 | co2_kg= 198.07 | time=0.00s
  CWS          | served=100/100 | makespan= 1348.26 | co2_kg=  67.72 | time=0.00s
  ALNS         | served=100/100 | makespan=  888.62 | co2_kg=  87.85 | time=26.20s
  AM           | served=100/100 | makespan=  781.11 | co2_kg= 190.16 | time=0.01s
  POMO         | served=100/100 | makespan=  781.11 | co2_kg= 185.05 | time=0.06s
  TD-Split     | served=100/100 | makespan=  771.27 | co2_kg= 160.63 | time=0.00s
  GAT-MARL v3 | seed=35 (1/3)  training 200 episodes...
  GAT-MARL v3 | seed=235 (2/3)  training 200 episodes...
  GAT-MARL v3 | seed=435 (3/3)  training 200 episodes...
  GAT-MARL v3 | BEST seed=35 -> served=100/100 | co2_kg=319.22 | time=252.1s

  [37/56] R208  (n_cust=100, n_veh=25, BKS=726.8)
  NNH          | served=100/100 | makespan=  781.32 | co2_kg= 189.49 | time=0.00s
  CWS          | served=100/100 | makespan= 1314.11 | co2_kg=  67.72 | time=0.00s
  ALNS         | served=100/100 | makespan=  861.98 | co2_kg=  69.44 | time=23.59s
  AM           | served=100/100 | makespan=  781.17 | co2_kg= 193.36 | time=0.01s
  POMO         | served=100/100 | makespan=  781.32 | co2_kg= 188.80 | time=0.06s
  TD-Split     | served=100/100 | makespan=  770.96 | co2_kg= 159.23 | time=0.00s
  GAT-MARL v3 | seed=36 (1/3)  training 200 episodes...
  GAT-MARL v3 | seed=236 (2/3)  training 200 episodes...
  GAT-MARL v3 | seed=436 (3/3)  training 200 episodes...
  GAT-MARL v3 | BEST seed=36 -> served=100/100 | co2_kg=329.24 | time=232.8s

  [38/56] R209  (n_cust=100, n_veh=25, BKS=909.2)
  NNH          | served=100/100 | makespan=  715.32 | co2_kg= 202.72 | time=0.00s
  CWS          | served=100/100 | makespan= 1254.04 | co2_kg=  67.72 | time=0.01s
  ALNS         | served=100/100 | makespan=  724.73 | co2_kg=  74.94 | time=20.30s
  AM           | served=100/100 | makespan=  715.64 | co2_kg= 200.93 | time=0.01s
  POMO         | served=100/100 | makespan=  715.32 | co2_kg= 192.49 | time=0.05s
  TD-Split     | served=100/100 | makespan=  704.56 | co2_kg= 167.55 | time=0.00s
  GAT-MARL v3 | seed=37 (1/3)  training 200 episodes...
  GAT-MARL v3 | seed=237 (2/3)  training 200 episodes...
  GAT-MARL v3 | seed=437 (3/3)  training 200 episodes...
  GAT-MARL v3 | BEST seed=37 -> served=100/100 | co2_kg=317.54 | time=362.1s

  [39/56] R210  (n_cust=100, n_veh=25, BKS=939.4)
  NNH          | served=100/100 | makespan=  896.50 | co2_kg= 199.91 | time=0.00s
  CWS          | served=100/100 | makespan= 1410.11 | co2_kg=  67.72 | time=0.00s
  ALNS         | served=100/100 | makespan=  872.06 | co2_kg=  88.47 | time=18.10s
  AM           | served=100/100 | makespan=  885.34 | co2_kg= 199.62 | time=0.01s
  POMO         | served=100/100 | makespan=  896.50 | co2_kg= 197.29 | time=0.06s
  TD-Split     | served=100/100 | makespan=  885.84 | co2_kg= 162.46 | time=0.00s
  GAT-MARL v3 | seed=38 (1/3)  training 200 episodes...
  GAT-MARL v3 | seed=238 (2/3)  training 200 episodes...
  GAT-MARL v3 | seed=438 (3/3)  training 200 episodes...
  GAT-MARL v3 | BEST seed=38 -> served=100/100 | co2_kg=312.16 | time=1055.7s

  [40/56] R211  (n_cust=100, n_veh=25, BKS=892.7)
  NNH          | served=100/100 | makespan=  520.24 | co2_kg= 191.86 | time=0.01s
  CWS          | served=100/100 | makespan= 1111.42 | co2_kg=  67.72 | time=0.00s
  ALNS         | served=100/100 | makespan=  766.69 | co2_kg=  75.26 | time=22.12s
  AM           | served=100/100 | makespan=  520.33 | co2_kg= 194.79 | time=0.01s
  POMO         | served=100/100 | makespan=  520.24 | co2_kg= 191.54 | time=0.06s
  TD-Split     | served=100/100 | makespan=  509.88 | co2_kg= 160.94 | time=0.00s
  GAT-MARL v3 | seed=39 (1/3)  training 200 episodes...
  GAT-MARL v3 | seed=239 (2/3)  training 200 episodes...
  GAT-MARL v3 | seed=439 (3/3)  training 200 episodes...
  GAT-MARL v3 | BEST seed=39 -> served=100/100 | co2_kg=305.20 | time=229.7s

  [41/56] RC101  (n_cust=100, n_veh=25, BKS=1696.9)
  NNH          | served= 83/100 | makespan=  212.72 | co2_kg= 229.07 | time=0.00s
  CWS          | served=100/100 | makespan=  265.17 | co2_kg= 103.43 | time=0.01s
  ALNS         | served= 83/100 | makespan=  202.15 | co2_kg= 114.54 | time=2.02s
  AM           | served= 83/100 | makespan=  212.72 | co2_kg= 229.07 | time=0.01s
  POMO         | served= 83/100 | makespan=  212.72 | co2_kg= 229.07 | time=0.05s
  TD-Split     | served= 83/100 | makespan=  212.72 | co2_kg= 229.07 | time=0.00s
  GAT-MARL v3 | seed=40 (1/3)  training 200 episodes...
  GAT-MARL v3 | seed=240 (2/3)  training 200 episodes...
  GAT-MARL v3 | seed=440 (3/3)  training 200 episodes...
  GAT-MARL v3 | BEST seed=240 -> served=93/100 | co2_kg=343.38 | time=2816.4s

  [42/56] RC102  (n_cust=100, n_veh=25, BKS=1554.8)
  NNH          | served= 90/100 | makespan=  212.72 | co2_kg= 243.59 | time=0.00s
  CWS          | served=100/100 | makespan=  265.17 | co2_kg= 103.43 | time=0.00s
  ALNS         | served= 90/100 | makespan=  203.05 | co2_kg= 127.68 | time=2.09s
  AM           | served= 90/100 | makespan=  212.72 | co2_kg= 249.20 | time=0.01s
  POMO         | served= 90/100 | makespan=  212.72 | co2_kg= 243.59 | time=0.06s
  TD-Split     | served= 90/100 | makespan=  212.72 | co2_kg= 243.59 | time=0.00s
  GAT-MARL v3 | seed=41 (1/3)  training 200 episodes...
  GAT-MARL v3 | seed=241 (2/3)  training 200 episodes...
  GAT-MARL v3 | seed=441 (3/3)  training 200 episodes...
  GAT-MARL v3 | BEST seed=241 -> served=100/100 | co2_kg=428.92 | time=2680.4s

  [43/56] RC103  (n_cust=100, n_veh=25, BKS=1261.7)
  NNH          | served=100/100 | makespan=  212.72 | co2_kg= 263.73 | time=0.00s
  CWS          | served=100/100 | makespan=  265.17 | co2_kg= 103.43 | time=0.00s
  ALNS         | served=100/100 | makespan=  213.08 | co2_kg= 123.75 | time=2.57s
  AM           | served= 99/100 | makespan=  212.72 | co2_kg= 243.65 | time=0.01s
  POMO         | served= 99/100 | makespan=  212.72 | co2_kg= 241.22 | time=0.06s
  TD-Split     | served=100/100 | makespan=  212.72 | co2_kg= 260.02 | time=0.00s
  GAT-MARL v3 | seed=42 (1/3)  training 200 episodes...
  GAT-MARL v3 | seed=242 (2/3)  training 200 episodes...
  GAT-MARL v3 | seed=442 (3/3)  training 200 episodes...
  GAT-MARL v3 | BEST seed=42 -> served=100/100 | co2_kg=447.55 | time=1050.9s

  [44/56] RC104  (n_cust=100, n_veh=25, BKS=1135.5)
  NNH          | served=100/100 | makespan=  201.11 | co2_kg= 245.68 | time=0.00s
  CWS          | served=100/100 | makespan=  225.92 | co2_kg= 103.43 | time=0.00s
  ALNS         | served=100/100 | makespan=  212.01 | co2_kg= 115.93 | time=2.52s
  AM           | served=100/100 | makespan=  201.06 | co2_kg= 252.32 | time=0.01s
  POMO         | served=100/100 | makespan=  201.06 | co2_kg= 244.06 | time=0.06s
  TD-Split     | served=100/100 | makespan=  201.11 | co2_kg= 245.48 | time=0.00s
  GAT-MARL v3 | seed=43 (1/3)  training 200 episodes...
  GAT-MARL v3 | seed=243 (2/3)  training 200 episodes...
  GAT-MARL v3 | seed=443 (3/3)  training 200 episodes...
  GAT-MARL v3 | BEST seed=43 -> served=100/100 | co2_kg=439.65 | time=248.9s

  [45/56] RC105  (n_cust=100, n_veh=25, BKS=1629.4)
  NNH          | served= 90/100 | makespan=  210.72 | co2_kg= 266.65 | time=0.00s
  CWS          | served=100/100 | makespan=  266.17 | co2_kg= 103.43 | time=0.00s
  ALNS         | served= 90/100 | makespan=  210.38 | co2_kg= 121.28 | time=2.23s
  AM           | served= 90/100 | makespan=  210.72 | co2_kg= 268.50 | time=0.01s
  POMO         | served= 88/100 | makespan=  210.72 | co2_kg= 254.78 | time=0.06s
  TD-Split     | served= 90/100 | makespan=  210.72 | co2_kg= 266.65 | time=0.00s
  GAT-MARL v3 | seed=44 (1/3)  training 200 episodes...
  GAT-MARL v3 | seed=244 (2/3)  training 200 episodes...
  GAT-MARL v3 | seed=444 (3/3)  training 200 episodes...
  GAT-MARL v3 | BEST seed=44 -> served=100/100 | co2_kg=449.13 | time=2999.8s

  [46/56] RC106  (n_cust=100, n_veh=25, BKS=1424.7)
  NNH          | served=100/100 | makespan=  193.85 | co2_kg= 284.26 | time=0.00s
  CWS          | served=100/100 | makespan=  250.17 | co2_kg= 103.43 | time=0.01s
  ALNS         | served=100/100 | makespan=  199.16 | co2_kg= 116.61 | time=3.19s
  AM           | served=100/100 | makespan=  193.85 | co2_kg= 284.26 | time=0.01s
  POMO         | served=100/100 | makespan=  193.85 | co2_kg= 283.63 | time=0.07s
  TD-Split     | served=100/100 | makespan=  193.85 | co2_kg= 283.63 | time=0.00s
  GAT-MARL v3 | seed=45 (1/3)  training 200 episodes...
  GAT-MARL v3 | seed=245 (2/3)  training 200 episodes...
  GAT-MARL v3 | seed=445 (3/3)  training 200 episodes...
  GAT-MARL v3 | BEST seed=45 -> served=100/100 | co2_kg=439.79 | time=2703.2s

  [47/56] RC107  (n_cust=100, n_veh=25, BKS=1230.5)
  NNH          | served=100/100 | makespan=  192.80 | co2_kg= 259.52 | time=0.01s
  CWS          | served=100/100 | makespan=  224.17 | co2_kg= 103.43 | time=0.00s
  ALNS         | served=100/100 | makespan=  180.98 | co2_kg= 118.54 | time=2.37s
  AM           | served=100/100 | makespan=  192.80 | co2_kg= 259.52 | time=0.01s
  POMO         | served=100/100 | makespan=  192.80 | co2_kg= 259.21 | time=0.06s
  TD-Split     | served=100/100 | makespan=  192.80 | co2_kg= 259.52 | time=0.00s
  GAT-MARL v3 | seed=46 (1/3)  training 200 episodes...
  GAT-MARL v3 | seed=246 (2/3)  training 200 episodes...
  GAT-MARL v3 | seed=446 (3/3)  training 200 episodes...
  GAT-MARL v3 | BEST seed=46 -> served=100/100 | co2_kg=457.19 | time=348.3s

  [48/56] RC108  (n_cust=100, n_veh=25, BKS=1139.8)
  NNH          | served=100/100 | makespan=  149.92 | co2_kg= 255.19 | time=0.00s
  CWS          | served=100/100 | makespan=  229.17 | co2_kg= 103.43 | time=0.01s
  ALNS         | served=100/100 | makespan=  189.91 | co2_kg= 113.72 | time=2.95s
  AM           | served=100/100 | makespan=  149.99 | co2_kg= 254.43 | time=0.01s
  POMO         | served=100/100 | makespan=  149.77 | co2_kg= 246.24 | time=0.06s
  TD-Split     | served=100/100 | makespan=  149.92 | co2_kg= 255.00 | time=0.00s
  GAT-MARL v3 | seed=47 (1/3)  training 200 episodes...
  GAT-MARL v3 | seed=247 (2/3)  training 200 episodes...
  GAT-MARL v3 | seed=447 (3/3)  training 200 episodes...
  GAT-MARL v3 | BEST seed=47 -> served=100/100 | co2_kg=474.25 | time=239.6s

  [49/56] RC201  (n_cust=100, n_veh=25, BKS=1406.9)
  NNH          | served= 90/100 | makespan=  854.28 | co2_kg= 247.27 | time=0.00s
  CWS          | served=100/100 | makespan= 1229.74 | co2_kg=  69.77 | time=0.00s
  ALNS         | served= 90/100 | makespan=  832.15 | co2_kg= 115.91 | time=8.51s
  AM           | served= 90/100 | makespan=  854.28 | co2_kg= 247.27 | time=0.01s
  POMO         | served= 89/100 | makespan=  854.28 | co2_kg= 247.05 | time=0.05s
  TD-Split     | served= 90/100 | makespan=  854.28 | co2_kg= 247.27 | time=0.00s
  GAT-MARL v3 | seed=48 (1/3)  training 200 episodes...
  GAT-MARL v3 | seed=248 (2/3)  training 200 episodes...
  GAT-MARL v3 | seed=448 (3/3)  training 200 episodes...
  GAT-MARL v3 | BEST seed=448 -> served=99/100 | co2_kg=339.50 | time=2715.2s

  [50/56] RC202  (n_cust=100, n_veh=25, BKS=1365.6)
  NNH          | served= 93/100 | makespan=  864.28 | co2_kg= 249.57 | time=0.00s
  CWS          | served=100/100 | makespan= 1229.74 | co2_kg=  69.77 | time=0.00s
  ALNS         | served= 93/100 | makespan=  855.91 | co2_kg= 103.32 | time=11.30s
  AM           | served= 95/100 | makespan=  864.28 | co2_kg= 253.28 | time=0.01s
  POMO         | served= 92/100 | makespan=  864.28 | co2_kg= 241.05 | time=0.05s
  TD-Split     | served= 93/100 | makespan=  864.28 | co2_kg= 249.57 | time=0.00s
  GAT-MARL v3 | seed=49 (1/3)  training 200 episodes...
  GAT-MARL v3 | seed=249 (2/3)  training 200 episodes...
  GAT-MARL v3 | seed=449 (3/3)  training 200 episodes...
  GAT-MARL v3 | BEST seed=49 -> served=100/100 | co2_kg=411.60 | time=2053.6s

  [51/56] RC203  (n_cust=100, n_veh=25, BKS=1049.6)
  NNH          | served=100/100 | makespan=  864.04 | co2_kg= 255.43 | time=0.00s
  CWS          | served=100/100 | makespan= 1192.89 | co2_kg=  69.77 | time=0.00s
  ALNS         | served=100/100 | makespan=  879.22 | co2_kg=  87.34 | time=17.01s
  AM           | served=100/100 | makespan=  864.03 | co2_kg= 256.04 | time=0.01s
  POMO         | served=100/100 | makespan=  864.04 | co2_kg= 255.43 | time=0.06s
  TD-Split     | served=100/100 | makespan=  863.95 | co2_kg= 259.46 | time=0.00s
  GAT-MARL v3 | seed=50 (1/3)  training 200 episodes...
  GAT-MARL v3 | seed=250 (2/3)  training 200 episodes...
  GAT-MARL v3 | seed=450 (3/3)  training 200 episodes...
  GAT-MARL v3 | BEST seed=50 -> served=100/100 | co2_kg=419.57 | time=440.4s

  [52/56] RC204  (n_cust=100, n_veh=25, BKS=798.5)
  NNH          | served=100/100 | makespan=  852.85 | co2_kg= 245.51 | time=0.00s
  CWS          | served=100/100 | makespan= 1058.12 | co2_kg=  69.77 | time=0.00s
  ALNS         | served=100/100 | makespan=  911.78 | co2_kg=  78.53 | time=21.39s
  AM           | served=100/100 | makespan=  852.81 | co2_kg= 250.15 | time=0.01s
  POMO         | served=100/100 | makespan=  852.85 | co2_kg= 245.35 | time=0.06s
  TD-Split     | served=100/100 | makespan=  852.85 | co2_kg= 245.35 | time=0.00s
  GAT-MARL v3 | seed=51 (1/3)  training 200 episodes...
  GAT-MARL v3 | seed=251 (2/3)  training 200 episodes...
  GAT-MARL v3 | seed=451 (3/3)  training 200 episodes...
  GAT-MARL v3 | BEST seed=51 -> served=100/100 | co2_kg=421.39 | time=242.3s

  [53/56] RC205  (n_cust=100, n_veh=25, BKS=1297.7)
  NNH          | served= 90/100 | makespan=  902.84 | co2_kg= 250.35 | time=0.00s
  CWS          | served=100/100 | makespan= 1173.89 | co2_kg=  69.77 | time=0.00s
  ALNS         | served= 90/100 | makespan=  893.51 | co2_kg=  96.56 | time=9.28s
  AM           | served= 93/100 | makespan=  902.84 | co2_kg= 258.32 | time=0.01s
  POMO         | served= 93/100 | makespan=  902.84 | co2_kg= 258.32 | time=0.05s
  TD-Split     | served= 90/100 | makespan=  902.84 | co2_kg= 250.35 | time=0.00s
  GAT-MARL v3 | seed=52 (1/3)  training 200 episodes...
  GAT-MARL v3 | seed=252 (2/3)  training 200 episodes...
  GAT-MARL v3 | seed=452 (3/3)  training 200 episodes...
  GAT-MARL v3 | BEST seed=52 -> served=100/100 | co2_kg=405.92 | time=3715.6s

  [54/56] RC206  (n_cust=100, n_veh=25, BKS=1146.3)
  NNH          | served=100/100 | makespan=  745.83 | co2_kg= 279.82 | time=0.01s
  CWS          | served=100/100 | makespan= 1169.74 | co2_kg=  69.77 | time=0.01s
  ALNS         | served=100/100 | makespan=  766.36 | co2_kg= 110.71 | time=20.73s
  AM           | served=100/100 | makespan=  745.83 | co2_kg= 281.52 | time=0.01s
  POMO         | served=100/100 | makespan=  745.83 | co2_kg= 277.46 | time=0.07s
  TD-Split     | served=100/100 | makespan=  745.83 | co2_kg= 282.52 | time=0.00s
  GAT-MARL v3 | seed=53 (1/3)  training 200 episodes...
  GAT-MARL v3 | seed=253 (2/3)  training 200 episodes...
  GAT-MARL v3 | seed=453 (3/3)  training 200 episodes...
  GAT-MARL v3 | BEST seed=53 -> served=100/100 | co2_kg=409.52 | time=2095.0s

  [55/56] RC207  (n_cust=100, n_veh=25, BKS=1061.1)
  NNH          | served=100/100 | makespan=  694.19 | co2_kg= 261.31 | time=0.01s
  CWS          | served=100/100 | makespan= 1081.74 | co2_kg=  69.77 | time=0.01s
  ALNS         | served=100/100 | makespan=  731.74 | co2_kg=  92.84 | time=21.83s
  AM           | served=100/100 | makespan=  694.19 | co2_kg= 261.31 | time=0.01s
  POMO         | served=100/100 | makespan=  694.19 | co2_kg= 261.31 | time=0.09s
  TD-Split     | served=100/100 | makespan=  694.19 | co2_kg= 261.31 | time=0.00s
  GAT-MARL v3 | seed=54 (1/3)  training 200 episodes...
  GAT-MARL v3 | seed=254 (2/3)  training 200 episodes...
  GAT-MARL v3 | seed=454 (3/3)  training 200 episodes...
  GAT-MARL v3 | BEST seed=54 -> served=100/100 | co2_kg=426.13 | time=677.6s

  [56/56] RC208  (n_cust=100, n_veh=25, BKS=828.1)
  NNH          | served=100/100 | makespan=  490.92 | co2_kg= 245.07 | time=0.02s
  CWS          | served=100/100 | makespan=  921.10 | co2_kg=  69.77 | time=0.01s
  ALNS         | served=100/100 | makespan=  754.38 | co2_kg=  86.69 | time=25.38s
  AM           | served=100/100 | makespan=  490.76 | co2_kg= 247.93 | time=0.01s
  POMO         | served=100/100 | makespan=  490.99 | co2_kg= 244.16 | time=0.09s
  TD-Split     | served=100/100 | makespan=  490.92 | co2_kg= 244.90 | time=0.00s
  GAT-MARL v3 | seed=55 (1/3)  training 200 episodes...
  GAT-MARL v3 | seed=255 (2/3)  training 200 episodes...
  GAT-MARL v3 | seed=455 (3/3)  training 200 episodes...
  GAT-MARL v3 | BEST seed=55 -> served=100/100 | co2_kg=425.50 | time=553.5s

  Saved: C:\Users\utente\Desktop\AI and Engineering\REAL_EXPERIMENTS\data\results_v3\e1v3_solomon_comparison.csv  (392 rows)
  Saved: C:\Users\utente\Desktop\AI and Engineering\REAL_EXPERIMENTS\data\results_v3\e1v3_training_curves.csv  (7400 rows)

======================================================================
ALL DONE  [14.63 hours]
======================================================================

  === v3 Summary ===
  NNH             | CO2=225.800 kg | makespan=966.64 | service=94.8% | time=0.01s
  ALNS            | CO2=89.666 kg | makespan=1017.05 | service=94.8% | time=13.89s
  GAT-MARL-v3     | CO2=333.065 kg | makespan=966.83 | service=98.8% | time=2615.00s
======================================================================
